{"C:\\Users\\habib\\Desktop\\TodoApp\\backend\\server.js": {"path":"C:\\Users\\habib\\Desktop\\TodoApp\\backend\\server.js","statementMap":{"0":{"start":{"line":1,"column":16},"end":{"line":1,"column":34}},"1":{"start":{"line":2,"column":17},"end":{"line":2,"column":36}},"2":{"start":{"line":3,"column":13},"end":{"line":3,"column":28}},"3":{"start":{"line":4,"column":0},"end":{"line":4,"column":27}},"4":{"start":{"line":5,"column":13},"end":{"line":5,"column":28}},"5":{"start":{"line":7,"column":12},"end":{"line":7,"column":21}},"6":{"start":{"line":9,"column":0},"end":{"line":9,"column":16}},"7":{"start":{"line":10,"column":0},"end":{"line":10,"column":24}},"8":{"start":{"line":11,"column":0},"end":{"line":11,"column":69}},"9":{"start":{"line":13,"column":19},"end":{"line":13,"column":49}},"10":{"start":{"line":14,"column":19},"end":{"line":14,"column":49}},"11":{"start":{"line":16,"column":0},"end":{"line":16,"column":33}},"12":{"start":{"line":17,"column":0},"end":{"line":17,"column":34}},"13":{"start":{"line":19,"column":0},"end":{"line":26,"column":1}},"14":{"start":{"line":20,"column":2},"end":{"line":25,"column":36}},"15":{"start":{"line":22,"column":19},"end":{"line":22,"column":43}},"16":{"start":{"line":23,"column":6},"end":{"line":23,"column":76}},"17":{"start":{"line":23,"column":29},"end":{"line":23,"column":74}},"18":{"start":{"line":25,"column":18},"end":{"line":25,"column":34}},"19":{"start":{"line":28,"column":0},"end":{"line":28,"column":21}}},"fnMap":{"0":{"name":"(anonymous_0)","decl":{"start":{"line":21,"column":10},"end":{"line":21,"column":11}},"loc":{"start":{"line":21,"column":16},"end":{"line":24,"column":5}},"line":21},"1":{"name":"(anonymous_1)","decl":{"start":{"line":23,"column":23},"end":{"line":23,"column":24}},"loc":{"start":{"line":23,"column":29},"end":{"line":23,"column":74}},"line":23},"2":{"name":"(anonymous_2)","decl":{"start":{"line":25,"column":11},"end":{"line":25,"column":12}},"loc":{"start":{"line":25,"column":18},"end":{"line":25,"column":34}},"line":25}},"branchMap":{"0":{"loc":{"start":{"line":19,"column":0},"end":{"line":26,"column":1}},"type":"if","locations":[{"start":{"line":19,"column":0},"end":{"line":26,"column":1}},{"start":{},"end":{}}],"line":19},"1":{"loc":{"start":{"line":22,"column":19},"end":{"line":22,"column":43}},"type":"binary-expr","locations":[{"start":{"line":22,"column":19},"end":{"line":22,"column":35}},{"start":{"line":22,"column":39},"end":{"line":22,"column":43}}],"line":22}},"s":{"0":2,"1":2,"2":2,"3":2,"4":2,"5":2,"6":2,"7":2,"8":2,"9":2,"10":2,"11":2,"12":2,"13":2,"14":0,"15":0,"16":0,"17":0,"18":0,"19":2},"f":{"0":0,"1":0,"2":0},"b":{"0":[0,2],"1":[0,0]},"_coverageSchema":"1a1c01bbd47fc00a2c39e90264f33305004495a9","hash":"111643212129fe26f81fe37e27a95d8308502894"}
,"C:\\Users\\habib\\Desktop\\TodoApp\\backend\\middleware\\upload.js": {"path":"C:\\Users\\habib\\Desktop\\TodoApp\\backend\\middleware\\upload.js","statementMap":{"0":{"start":{"line":1,"column":15},"end":{"line":1,"column":32}},"1":{"start":{"line":2,"column":13},"end":{"line":2,"column":28}},"2":{"start":{"line":5,"column":16},"end":{"line":13,"column":2}},"3":{"start":{"line":7,"column":4},"end":{"line":7,"column":25}},"4":{"start":{"line":10,"column":23},"end":{"line":10,"column":107}},"5":{"start":{"line":11,"column":4},"end":{"line":11,"column":25}},"6":{"start":{"line":16,"column":19},"end":{"line":23,"column":1}},"7":{"start":{"line":17,"column":18},"end":{"line":17,"column":64}},"8":{"start":{"line":18,"column":2},"end":{"line":22,"column":3}},"9":{"start":{"line":19,"column":4},"end":{"line":19,"column":19}},"10":{"start":{"line":21,"column":4},"end":{"line":21,"column":56}},"11":{"start":{"line":25,"column":15},"end":{"line":25,"column":46}},"12":{"start":{"line":27,"column":0},"end":{"line":27,"column":24}}},"fnMap":{"0":{"name":"(anonymous_0)","decl":{"start":{"line":6,"column":15},"end":{"line":6,"column":16}},"loc":{"start":{"line":6,"column":34},"end":{"line":8,"column":3}},"line":6},"1":{"name":"(anonymous_1)","decl":{"start":{"line":9,"column":12},"end":{"line":9,"column":13}},"loc":{"start":{"line":9,"column":31},"end":{"line":12,"column":3}},"line":9},"2":{"name":"(anonymous_2)","decl":{"start":{"line":16,"column":19},"end":{"line":16,"column":20}},"loc":{"start":{"line":16,"column":38},"end":{"line":23,"column":1}},"line":16}},"branchMap":{"0":{"loc":{"start":{"line":18,"column":2},"end":{"line":22,"column":3}},"type":"if","locations":[{"start":{"line":18,"column":2},"end":{"line":22,"column":3}},{"start":{"line":20,"column":9},"end":{"line":22,"column":3}}],"line":18}},"s":{"0":2,"1":2,"2":2,"3":0,"4":0,"5":0,"6":2,"7":0,"8":0,"9":0,"10":0,"11":2,"12":2},"f":{"0":0,"1":0,"2":0},"b":{"0":[0,0]},"_coverageSchema":"1a1c01bbd47fc00a2c39e90264f33305004495a9","hash":"7d44798fe9cc747fea8a82dd0127819204e8ec34"}
,"C:\\Users\\habib\\Desktop\\TodoApp\\backend\\models\\Tasks.js": {"path":"C:\\Users\\habib\\Desktop\\TodoApp\\backend\\models\\Tasks.js","statementMap":{"0":{"start":{"line":1,"column":17},"end":{"line":1,"column":36}},"1":{"start":{"line":3,"column":19},"end":{"line":18,"column":2}},"2":{"start":{"line":20,"column":0},"end":{"line":20,"column":52}}},"fnMap":{},"branchMap":{},"s":{"0":2,"1":2,"2":2},"f":{},"b":{},"_coverageSchema":"1a1c01bbd47fc00a2c39e90264f33305004495a9","hash":"d9e77b920fc10839d0826ecaaede1da7790b81f4"}
,"C:\\Users\\habib\\Desktop\\TodoApp\\backend\\models\\Users.js": {"path":"C:\\Users\\habib\\Desktop\\TodoApp\\backend\\models\\Users.js","statementMap":{"0":{"start":{"line":1,"column":17},"end":{"line":1,"column":36}},"1":{"start":{"line":2,"column":19},"end":{"line":6,"column":2}},"2":{"start":{"line":7,"column":0},"end":{"line":7,"column":52}}},"fnMap":{},"branchMap":{},"s":{"0":2,"1":2,"2":2},"f":{},"b":{},"_coverageSchema":"1a1c01bbd47fc00a2c39e90264f33305004495a9","hash":"a361d029d7b7d97fb4da3c3215726b223cb837d5"}
,"C:\\Users\\habib\\Desktop\\TodoApp\\backend\\routes\\authRoutes.js": {"path":"C:\\Users\\habib\\Desktop\\TodoApp\\backend\\routes\\authRoutes.js","statementMap":{"0":{"start":{"line":1,"column":16},"end":{"line":1,"column":34}},"1":{"start":{"line":2,"column":15},"end":{"line":2,"column":34}},"2":{"start":{"line":3,"column":12},"end":{"line":3,"column":35}},"3":{"start":{"line":4,"column":13},"end":{"line":4,"column":39}},"4":{"start":{"line":5,"column":15},"end":{"line":5,"column":31}},"5":{"start":{"line":7,"column":0},"end":{"line":43,"column":3}},"6":{"start":{"line":8,"column":2},"end":{"line":42,"column":3}},"7":{"start":{"line":9,"column":38},"end":{"line":9,"column":46}},"8":{"start":{"line":11,"column":4},"end":{"line":13,"column":5}},"9":{"start":{"line":12,"column":6},"end":{"line":12,"column":99}},"10":{"start":{"line":15,"column":25},"end":{"line":15,"column":54}},"11":{"start":{"line":16,"column":4},"end":{"line":18,"column":5}},"12":{"start":{"line":17,"column":6},"end":{"line":17,"column":87}},"13":{"start":{"line":20,"column":17},"end":{"line":20,"column":48}},"14":{"start":{"line":21,"column":17},"end":{"line":21,"column":58}},"15":{"start":{"line":22,"column":4},"end":{"line":22,"column":22}},"16":{"start":{"line":25,"column":18},"end":{"line":25,"column":93}},"17":{"start":{"line":28,"column":4},"end":{"line":37,"column":7}},"18":{"start":{"line":40,"column":4},"end":{"line":40,"column":54}},"19":{"start":{"line":41,"column":4},"end":{"line":41,"column":79}},"20":{"start":{"line":48,"column":0},"end":{"line":79,"column":3}},"21":{"start":{"line":49,"column":30},"end":{"line":49,"column":38}},"22":{"start":{"line":51,"column":2},"end":{"line":53,"column":3}},"23":{"start":{"line":52,"column":4},"end":{"line":52,"column":85}},"24":{"start":{"line":55,"column":2},"end":{"line":78,"column":3}},"25":{"start":{"line":56,"column":17},"end":{"line":56,"column":46}},"26":{"start":{"line":58,"column":4},"end":{"line":60,"column":5}},"27":{"start":{"line":59,"column":6},"end":{"line":59,"column":76}},"28":{"start":{"line":62,"column":18},"end":{"line":62,"column":93}},"29":{"start":{"line":64,"column":4},"end":{"line":73,"column":7}},"30":{"start":{"line":76,"column":4},"end":{"line":76,"column":39}},"31":{"start":{"line":77,"column":4},"end":{"line":77,"column":67}},"32":{"start":{"line":82,"column":0},"end":{"line":82,"column":24}}},"fnMap":{"0":{"name":"(anonymous_0)","decl":{"start":{"line":7,"column":25},"end":{"line":7,"column":26}},"loc":{"start":{"line":7,"column":45},"end":{"line":43,"column":1}},"line":7},"1":{"name":"(anonymous_1)","decl":{"start":{"line":48,"column":22},"end":{"line":48,"column":23}},"loc":{"start":{"line":48,"column":42},"end":{"line":79,"column":1}},"line":48}},"branchMap":{"0":{"loc":{"start":{"line":11,"column":4},"end":{"line":13,"column":5}},"type":"if","locations":[{"start":{"line":11,"column":4},"end":{"line":13,"column":5}},{"start":{},"end":{}}],"line":11},"1":{"loc":{"start":{"line":11,"column":8},"end":{"line":11,"column":36}},"type":"binary-expr","locations":[{"start":{"line":11,"column":8},"end":{"line":11,"column":13}},{"start":{"line":11,"column":17},"end":{"line":11,"column":23}},{"start":{"line":11,"column":27},"end":{"line":11,"column":36}}],"line":11},"2":{"loc":{"start":{"line":16,"column":4},"end":{"line":18,"column":5}},"type":"if","locations":[{"start":{"line":16,"column":4},"end":{"line":18,"column":5}},{"start":{},"end":{}}],"line":16},"3":{"loc":{"start":{"line":34,"column":14},"end":{"line":34,"column":33}},"type":"binary-expr","locations":[{"start":{"line":34,"column":14},"end":{"line":34,"column":23}},{"start":{"line":34,"column":27},"end":{"line":34,"column":33}}],"line":34},"4":{"loc":{"start":{"line":51,"column":2},"end":{"line":53,"column":3}},"type":"if","locations":[{"start":{"line":51,"column":2},"end":{"line":53,"column":3}},{"start":{},"end":{}}],"line":51},"5":{"loc":{"start":{"line":51,"column":6},"end":{"line":51,"column":25}},"type":"binary-expr","locations":[{"start":{"line":51,"column":6},"end":{"line":51,"column":12}},{"start":{"line":51,"column":16},"end":{"line":51,"column":25}}],"line":51},"6":{"loc":{"start":{"line":58,"column":4},"end":{"line":60,"column":5}},"type":"if","locations":[{"start":{"line":58,"column":4},"end":{"line":60,"column":5}},{"start":{},"end":{}}],"line":58},"7":{"loc":{"start":{"line":58,"column":8},"end":{"line":58,"column":65}},"type":"binary-expr","locations":[{"start":{"line":58,"column":8},"end":{"line":58,"column":13}},{"start":{"line":58,"column":17},"end":{"line":58,"column":65}}],"line":58},"8":{"loc":{"start":{"line":70,"column":14},"end":{"line":70,"column":33}},"type":"binary-expr","locations":[{"start":{"line":70,"column":14},"end":{"line":70,"column":23}},{"start":{"line":70,"column":27},"end":{"line":70,"column":33}}],"line":70}},"s":{"0":2,"1":2,"2":2,"3":2,"4":2,"5":2,"6":3,"7":3,"8":3,"9":0,"10":3,"11":3,"12":0,"13":3,"14":3,"15":3,"16":3,"17":3,"18":0,"19":0,"20":2,"21":3,"22":3,"23":0,"24":3,"25":3,"26":3,"27":0,"28":3,"29":3,"30":0,"31":0,"32":2},"f":{"0":3,"1":3},"b":{"0":[0,3],"1":[3,3,3],"2":[0,3],"3":[3,3],"4":[0,3],"5":[3,3],"6":[0,3],"7":[3,3],"8":[3,3]},"_coverageSchema":"1a1c01bbd47fc00a2c39e90264f33305004495a9","hash":"5f73124314c709016c7c3053847e5bb45c858dec"}
,"C:\\Users\\habib\\Desktop\\TodoApp\\backend\\routes\\taskRoutes.js": {"path":"C:\\Users\\habib\\Desktop\\TodoApp\\backend\\routes\\taskRoutes.js","statementMap":{"0":{"start":{"line":1,"column":16},"end":{"line":1,"column":34}},"1":{"start":{"line":2,"column":17},"end":{"line":2,"column":36}},"2":{"start":{"line":3,"column":12},"end":{"line":3,"column":35}},"3":{"start":{"line":4,"column":13},"end":{"line":4,"column":39}},"4":{"start":{"line":5,"column":13},"end":{"line":5,"column":39}},"5":{"start":{"line":6,"column":15},"end":{"line":6,"column":46}},"6":{"start":{"line":7,"column":15},"end":{"line":7,"column":31}},"7":{"start":{"line":9,"column":13},"end":{"line":21,"column":1}},"8":{"start":{"line":10,"column":21},"end":{"line":10,"column":46}},"9":{"start":{"line":11,"column":2},"end":{"line":13,"column":3}},"10":{"start":{"line":12,"column":4},"end":{"line":12,"column":66}},"11":{"start":{"line":15,"column":16},"end":{"line":15,"column":40}},"12":{"start":{"line":16,"column":2},"end":{"line":20,"column":5}},"13":{"start":{"line":17,"column":4},"end":{"line":17,"column":71}},"14":{"start":{"line":17,"column":13},"end":{"line":17,"column":71}},"15":{"start":{"line":18,"column":4},"end":{"line":18,"column":32}},"16":{"start":{"line":19,"column":4},"end":{"line":19,"column":11}},"17":{"start":{"line":23,"column":0},"end":{"line":23,"column":17}},"18":{"start":{"line":25,"column":0},"end":{"line":32,"column":3}},"19":{"start":{"line":26,"column":2},"end":{"line":31,"column":3}},"20":{"start":{"line":27,"column":18},"end":{"line":27,"column":76}},"21":{"start":{"line":28,"column":4},"end":{"line":28,"column":20}},"22":{"start":{"line":30,"column":4},"end":{"line":30,"column":62}},"23":{"start":{"line":34,"column":0},"end":{"line":41,"column":3}},"24":{"start":{"line":35,"column":2},"end":{"line":40,"column":3}},"25":{"start":{"line":36,"column":18},"end":{"line":36,"column":75}},"26":{"start":{"line":37,"column":4},"end":{"line":37,"column":20}},"27":{"start":{"line":39,"column":4},"end":{"line":39,"column":69}},"28":{"start":{"line":43,"column":0},"end":{"line":50,"column":3}},"29":{"start":{"line":44,"column":2},"end":{"line":49,"column":3}},"30":{"start":{"line":45,"column":18},"end":{"line":45,"column":74}},"31":{"start":{"line":46,"column":4},"end":{"line":46,"column":20}},"32":{"start":{"line":48,"column":4},"end":{"line":48,"column":72}},"33":{"start":{"line":52,"column":0},"end":{"line":85,"column":3}},"34":{"start":{"line":53,"column":2},"end":{"line":84,"column":3}},"35":{"start":{"line":56,"column":8},"end":{"line":56,"column":16}},"36":{"start":{"line":57,"column":24},"end":{"line":57,"column":63}},"37":{"start":{"line":57,"column":47},"end":{"line":57,"column":56}},"38":{"start":{"line":59,"column":21},"end":{"line":59,"column":23}},"39":{"start":{"line":60,"column":4},"end":{"line":64,"column":5}},"40":{"start":{"line":61,"column":6},"end":{"line":61,"column":80}},"41":{"start":{"line":61,"column":44},"end":{"line":61,"column":52}},"42":{"start":{"line":61,"column":66},"end":{"line":61,"column":78}},"43":{"start":{"line":62,"column":11},"end":{"line":64,"column":5}},"44":{"start":{"line":63,"column":6},"end":{"line":63,"column":69}},"45":{"start":{"line":63,"column":33},"end":{"line":63,"column":41}},"46":{"start":{"line":63,"column":55},"end":{"line":63,"column":67}},"47":{"start":{"line":66,"column":17},"end":{"line":77,"column":6}},"48":{"start":{"line":79,"column":22},"end":{"line":79,"column":39}},"49":{"start":{"line":80,"column":4},"end":{"line":80,"column":36}},"50":{"start":{"line":82,"column":4},"end":{"line":82,"column":47}},"51":{"start":{"line":83,"column":4},"end":{"line":83,"column":88}},"52":{"start":{"line":90,"column":0},"end":{"line":154,"column":3}},"53":{"start":{"line":91,"column":17},"end":{"line":91,"column":27}},"54":{"start":{"line":92,"column":2},"end":{"line":92,"column":44}},"55":{"start":{"line":94,"column":2},"end":{"line":153,"column":3}},"56":{"start":{"line":95,"column":17},"end":{"line":95,"column":40}},"57":{"start":{"line":96,"column":4},"end":{"line":96,"column":74}},"58":{"start":{"line":96,"column":15},"end":{"line":96,"column":74}},"59":{"start":{"line":98,"column":4},"end":{"line":99,"column":63}},"60":{"start":{"line":99,"column":6},"end":{"line":99,"column":63}},"61":{"start":{"line":111,"column":8},"end":{"line":111,"column":16}},"62":{"start":{"line":114,"column":24},"end":{"line":114,"column":63}},"63":{"start":{"line":114,"column":47},"end":{"line":114,"column":56}},"64":{"start":{"line":115,"column":4},"end":{"line":115,"column":45}},"65":{"start":{"line":118,"column":21},"end":{"line":118,"column":23}},"66":{"start":{"line":119,"column":4},"end":{"line":123,"column":5}},"67":{"start":{"line":120,"column":6},"end":{"line":120,"column":80}},"68":{"start":{"line":120,"column":44},"end":{"line":120,"column":52}},"69":{"start":{"line":120,"column":66},"end":{"line":120,"column":78}},"70":{"start":{"line":121,"column":11},"end":{"line":123,"column":5}},"71":{"start":{"line":122,"column":6},"end":{"line":122,"column":69}},"72":{"start":{"line":122,"column":33},"end":{"line":122,"column":41}},"73":{"start":{"line":122,"column":55},"end":{"line":122,"column":67}},"74":{"start":{"line":126,"column":23},"end":{"line":135,"column":5}},"75":{"start":{"line":138,"column":4},"end":{"line":140,"column":5}},"76":{"start":{"line":139,"column":6},"end":{"line":139,"column":77}},"77":{"start":{"line":143,"column":24},"end":{"line":146,"column":6}},"78":{"start":{"line":148,"column":4},"end":{"line":148,"column":26}},"79":{"start":{"line":151,"column":4},"end":{"line":151,"column":45}},"80":{"start":{"line":152,"column":4},"end":{"line":152,"column":81}},"81":{"start":{"line":157,"column":0},"end":{"line":173,"column":3}},"82":{"start":{"line":158,"column":17},"end":{"line":158,"column":27}},"83":{"start":{"line":160,"column":2},"end":{"line":172,"column":3}},"84":{"start":{"line":161,"column":17},"end":{"line":161,"column":40}},"85":{"start":{"line":162,"column":4},"end":{"line":163,"column":65}},"86":{"start":{"line":163,"column":6},"end":{"line":163,"column":65}},"87":{"start":{"line":165,"column":4},"end":{"line":166,"column":63}},"88":{"start":{"line":166,"column":6},"end":{"line":166,"column":63}},"89":{"start":{"line":168,"column":4},"end":{"line":168,"column":37}},"90":{"start":{"line":169,"column":4},"end":{"line":169,"column":55}},"91":{"start":{"line":171,"column":4},"end":{"line":171,"column":61}},"92":{"start":{"line":177,"column":0},"end":{"line":185,"column":3}},"93":{"start":{"line":178,"column":2},"end":{"line":184,"column":3}},"94":{"start":{"line":179,"column":16},"end":{"line":179,"column":30}},"95":{"start":{"line":180,"column":18},"end":{"line":180,"column":68}},"96":{"start":{"line":181,"column":4},"end":{"line":181,"column":20}},"97":{"start":{"line":183,"column":4},"end":{"line":183,"column":70}},"98":{"start":{"line":187,"column":0},"end":{"line":213,"column":3}},"99":{"start":{"line":188,"column":17},"end":{"line":188,"column":27}},"100":{"start":{"line":189,"column":29},"end":{"line":189,"column":37}},"101":{"start":{"line":191,"column":2},"end":{"line":192,"column":75}},"102":{"start":{"line":192,"column":4},"end":{"line":192,"column":75}},"103":{"start":{"line":194,"column":2},"end":{"line":212,"column":3}},"104":{"start":{"line":195,"column":24},"end":{"line":195,"column":69}},"105":{"start":{"line":196,"column":4},"end":{"line":197,"column":65}},"106":{"start":{"line":197,"column":6},"end":{"line":197,"column":65}},"107":{"start":{"line":199,"column":17},"end":{"line":199,"column":68}},"108":{"start":{"line":200,"column":4},"end":{"line":201,"column":81}},"109":{"start":{"line":201,"column":6},"end":{"line":201,"column":81}},"110":{"start":{"line":203,"column":4},"end":{"line":204,"column":80}},"111":{"start":{"line":204,"column":6},"end":{"line":204,"column":80}},"112":{"start":{"line":206,"column":4},"end":{"line":206,"column":42}},"113":{"start":{"line":207,"column":4},"end":{"line":207,"column":22}},"114":{"start":{"line":209,"column":4},"end":{"line":209,"column":60}},"115":{"start":{"line":211,"column":4},"end":{"line":211,"column":80}},"116":{"start":{"line":215,"column":0},"end":{"line":222,"column":3}},"117":{"start":{"line":216,"column":2},"end":{"line":221,"column":3}},"118":{"start":{"line":217,"column":24},"end":{"line":217,"column":100}},"119":{"start":{"line":218,"column":4},"end":{"line":218,"column":26}},"120":{"start":{"line":220,"column":4},"end":{"line":220,"column":69}},"121":{"start":{"line":227,"column":0},"end":{"line":227,"column":24}}},"fnMap":{"0":{"name":"(anonymous_0)","decl":{"start":{"line":9,"column":13},"end":{"line":9,"column":14}},"loc":{"start":{"line":9,"column":33},"end":{"line":21,"column":1}},"line":9},"1":{"name":"(anonymous_1)","decl":{"start":{"line":16,"column":44},"end":{"line":16,"column":45}},"loc":{"start":{"line":16,"column":62},"end":{"line":20,"column":3}},"line":16},"2":{"name":"(anonymous_2)","decl":{"start":{"line":25,"column":16},"end":{"line":25,"column":17}},"loc":{"start":{"line":25,"column":36},"end":{"line":32,"column":1}},"line":25},"3":{"name":"(anonymous_3)","decl":{"start":{"line":34,"column":22},"end":{"line":34,"column":23}},"loc":{"start":{"line":34,"column":42},"end":{"line":41,"column":1}},"line":34},"4":{"name":"(anonymous_4)","decl":{"start":{"line":43,"column":25},"end":{"line":43,"column":26}},"loc":{"start":{"line":43,"column":45},"end":{"line":50,"column":1}},"line":43},"5":{"name":"(anonymous_5)","decl":{"start":{"line":52,"column":49},"end":{"line":52,"column":50}},"loc":{"start":{"line":52,"column":69},"end":{"line":85,"column":1}},"line":52},"6":{"name":"(anonymous_6)","decl":{"start":{"line":57,"column":39},"end":{"line":57,"column":40}},"loc":{"start":{"line":57,"column":47},"end":{"line":57,"column":56}},"line":57},"7":{"name":"(anonymous_7)","decl":{"start":{"line":61,"column":39},"end":{"line":61,"column":40}},"loc":{"start":{"line":61,"column":44},"end":{"line":61,"column":52}},"line":61},"8":{"name":"(anonymous_8)","decl":{"start":{"line":61,"column":61},"end":{"line":61,"column":62}},"loc":{"start":{"line":61,"column":66},"end":{"line":61,"column":78}},"line":61},"9":{"name":"(anonymous_9)","decl":{"start":{"line":63,"column":28},"end":{"line":63,"column":29}},"loc":{"start":{"line":63,"column":33},"end":{"line":63,"column":41}},"line":63},"10":{"name":"(anonymous_10)","decl":{"start":{"line":63,"column":50},"end":{"line":63,"column":51}},"loc":{"start":{"line":63,"column":55},"end":{"line":63,"column":67}},"line":63},"11":{"name":"(anonymous_11)","decl":{"start":{"line":90,"column":51},"end":{"line":90,"column":52}},"loc":{"start":{"line":90,"column":71},"end":{"line":154,"column":1}},"line":90},"12":{"name":"(anonymous_12)","decl":{"start":{"line":114,"column":39},"end":{"line":114,"column":40}},"loc":{"start":{"line":114,"column":47},"end":{"line":114,"column":56}},"line":114},"13":{"name":"(anonymous_13)","decl":{"start":{"line":120,"column":39},"end":{"line":120,"column":40}},"loc":{"start":{"line":120,"column":44},"end":{"line":120,"column":52}},"line":120},"14":{"name":"(anonymous_14)","decl":{"start":{"line":120,"column":61},"end":{"line":120,"column":62}},"loc":{"start":{"line":120,"column":66},"end":{"line":120,"column":78}},"line":120},"15":{"name":"(anonymous_15)","decl":{"start":{"line":122,"column":28},"end":{"line":122,"column":29}},"loc":{"start":{"line":122,"column":33},"end":{"line":122,"column":41}},"line":122},"16":{"name":"(anonymous_16)","decl":{"start":{"line":122,"column":50},"end":{"line":122,"column":51}},"loc":{"start":{"line":122,"column":55},"end":{"line":122,"column":67}},"line":122},"17":{"name":"(anonymous_17)","decl":{"start":{"line":157,"column":22},"end":{"line":157,"column":23}},"loc":{"start":{"line":157,"column":42},"end":{"line":173,"column":1}},"line":157},"18":{"name":"(anonymous_18)","decl":{"start":{"line":177,"column":24},"end":{"line":177,"column":25}},"loc":{"start":{"line":177,"column":44},"end":{"line":185,"column":1}},"line":177},"19":{"name":"(anonymous_19)","decl":{"start":{"line":187,"column":27},"end":{"line":187,"column":28}},"loc":{"start":{"line":187,"column":47},"end":{"line":213,"column":1}},"line":187},"20":{"name":"(anonymous_20)","decl":{"start":{"line":215,"column":22},"end":{"line":215,"column":23}},"loc":{"start":{"line":215,"column":42},"end":{"line":222,"column":1}},"line":215}},"branchMap":{"0":{"loc":{"start":{"line":11,"column":2},"end":{"line":13,"column":3}},"type":"if","locations":[{"start":{"line":11,"column":2},"end":{"line":13,"column":3}},{"start":{},"end":{}}],"line":11},"1":{"loc":{"start":{"line":17,"column":4},"end":{"line":17,"column":71}},"type":"if","locations":[{"start":{"line":17,"column":4},"end":{"line":17,"column":71}},{"start":{},"end":{}}],"line":17},"2":{"loc":{"start":{"line":57,"column":24},"end":{"line":57,"column":63}},"type":"binary-expr","locations":[{"start":{"line":57,"column":24},"end":{"line":57,"column":57}},{"start":{"line":57,"column":61},"end":{"line":57,"column":63}}],"line":57},"3":{"loc":{"start":{"line":60,"column":4},"end":{"line":64,"column":5}},"type":"if","locations":[{"start":{"line":60,"column":4},"end":{"line":64,"column":5}},{"start":{"line":62,"column":11},"end":{"line":64,"column":5}}],"line":60},"4":{"loc":{"start":{"line":62,"column":11},"end":{"line":64,"column":5}},"type":"if","locations":[{"start":{"line":62,"column":11},"end":{"line":64,"column":5}},{"start":{},"end":{}}],"line":62},"5":{"loc":{"start":{"line":73,"column":17},"end":{"line":73,"column":35}},"type":"binary-expr","locations":[{"start":{"line":73,"column":17},"end":{"line":73,"column":26}},{"start":{"line":73,"column":30},"end":{"line":73,"column":35}}],"line":73},"6":{"loc":{"start":{"line":96,"column":4},"end":{"line":96,"column":74}},"type":"if","locations":[{"start":{"line":96,"column":4},"end":{"line":96,"column":74}},{"start":{},"end":{}}],"line":96},"7":{"loc":{"start":{"line":98,"column":4},"end":{"line":99,"column":63}},"type":"if","locations":[{"start":{"line":98,"column":4},"end":{"line":99,"column":63}},{"start":{},"end":{}}],"line":98},"8":{"loc":{"start":{"line":114,"column":24},"end":{"line":114,"column":63}},"type":"binary-expr","locations":[{"start":{"line":114,"column":24},"end":{"line":114,"column":57}},{"start":{"line":114,"column":61},"end":{"line":114,"column":63}}],"line":114},"9":{"loc":{"start":{"line":119,"column":4},"end":{"line":123,"column":5}},"type":"if","locations":[{"start":{"line":119,"column":4},"end":{"line":123,"column":5}},{"start":{"line":121,"column":11},"end":{"line":123,"column":5}}],"line":119},"10":{"loc":{"start":{"line":121,"column":11},"end":{"line":123,"column":5}},"type":"if","locations":[{"start":{"line":121,"column":11},"end":{"line":123,"column":5}},{"start":{},"end":{}}],"line":121},"11":{"loc":{"start":{"line":132,"column":17},"end":{"line":132,"column":35}},"type":"binary-expr","locations":[{"start":{"line":132,"column":17},"end":{"line":132,"column":26}},{"start":{"line":132,"column":30},"end":{"line":132,"column":35}}],"line":132},"12":{"loc":{"start":{"line":138,"column":4},"end":{"line":140,"column":5}},"type":"if","locations":[{"start":{"line":138,"column":4},"end":{"line":140,"column":5}},{"start":{},"end":{}}],"line":138},"13":{"loc":{"start":{"line":139,"column":36},"end":{"line":139,"column":58}},"type":"binary-expr","locations":[{"start":{"line":139,"column":36},"end":{"line":139,"column":52}},{"start":{"line":139,"column":56},"end":{"line":139,"column":58}}],"line":139},"14":{"loc":{"start":{"line":162,"column":4},"end":{"line":163,"column":65}},"type":"if","locations":[{"start":{"line":162,"column":4},"end":{"line":163,"column":65}},{"start":{},"end":{}}],"line":162},"15":{"loc":{"start":{"line":165,"column":4},"end":{"line":166,"column":63}},"type":"if","locations":[{"start":{"line":165,"column":4},"end":{"line":166,"column":63}},{"start":{},"end":{}}],"line":165},"16":{"loc":{"start":{"line":191,"column":2},"end":{"line":192,"column":75}},"type":"if","locations":[{"start":{"line":191,"column":2},"end":{"line":192,"column":75}},{"start":{},"end":{}}],"line":191},"17":{"loc":{"start":{"line":196,"column":4},"end":{"line":197,"column":65}},"type":"if","locations":[{"start":{"line":196,"column":4},"end":{"line":197,"column":65}},{"start":{},"end":{}}],"line":196},"18":{"loc":{"start":{"line":200,"column":4},"end":{"line":201,"column":81}},"type":"if","locations":[{"start":{"line":200,"column":4},"end":{"line":201,"column":81}},{"start":{},"end":{}}],"line":200},"19":{"loc":{"start":{"line":203,"column":4},"end":{"line":204,"column":80}},"type":"if","locations":[{"start":{"line":203,"column":4},"end":{"line":204,"column":80}},{"start":{},"end":{}}],"line":203}},"s":{"0":2,"1":2,"2":2,"3":2,"4":2,"5":2,"6":2,"7":2,"8":15,"9":15,"10":0,"11":15,"12":15,"13":15,"14":0,"15":15,"16":15,"17":2,"18":2,"19":2,"20":2,"21":2,"22":0,"23":2,"24":2,"25":2,"26":2,"27":0,"28":2,"29":2,"30":2,"31":2,"32":0,"33":2,"34":2,"35":2,"36":2,"37":0,"38":2,"39":2,"40":1,"41":2,"42":2,"43":1,"44":1,"45":2,"46":2,"47":2,"48":2,"49":2,"50":0,"51":0,"52":2,"53":2,"54":2,"55":2,"56":2,"57":2,"58":0,"59":2,"60":0,"61":2,"62":2,"63":0,"64":2,"65":2,"66":2,"67":2,"68":4,"69":4,"70":0,"71":0,"72":0,"73":0,"74":2,"75":2,"76":0,"77":2,"78":2,"79":0,"80":0,"81":2,"82":2,"83":2,"84":2,"85":2,"86":0,"87":2,"88":0,"89":2,"90":2,"91":0,"92":2,"93":1,"94":1,"95":1,"96":1,"97":0,"98":2,"99":1,"100":1,"101":1,"102":0,"103":1,"104":1,"105":1,"106":0,"107":1,"108":1,"109":0,"110":1,"111":0,"112":1,"113":1,"114":1,"115":0,"116":2,"117":1,"118":1,"119":1,"120":0,"121":2},"f":{"0":15,"1":15,"2":2,"3":2,"4":2,"5":2,"6":0,"7":2,"8":2,"9":2,"10":2,"11":2,"12":0,"13":4,"14":4,"15":0,"16":0,"17":2,"18":1,"19":1,"20":1},"b":{"0":[0,15],"1":[0,15],"2":[2,2],"3":[1,1],"4":[1,0],"5":[2,2],"6":[0,2],"7":[0,2],"8":[2,2],"9":[2,0],"10":[0,0],"11":[2,0],"12":[0,2],"13":[0,0],"14":[0,2],"15":[0,2],"16":[0,1],"17":[0,1],"18":[0,1],"19":[0,1]},"_coverageSchema":"1a1c01bbd47fc00a2c39e90264f33305004495a9","hash":"d5375d864cfa8dde81ed4f8148f301c539af4bb7"}
}
