TN:
SF:server.js
FN:21,(anonymous_0)
FN:23,(anonymous_1)
FN:25,(anonymous_2)
FNF:3
FNH:0
FNDA:0,(anonymous_0)
FNDA:0,(anonymous_1)
FNDA:0,(anonymous_2)
DA:1,2
DA:2,2
DA:3,2
DA:4,2
DA:5,2
DA:7,2
DA:9,2
DA:10,2
DA:11,2
DA:13,2
DA:14,2
DA:16,2
DA:17,2
DA:19,2
DA:20,0
DA:22,0
DA:23,0
DA:25,0
DA:28,2
LF:19
LH:15
BRDA:19,0,0,0
BRDA:19,0,1,2
BRDA:22,1,0,0
BRDA:22,1,1,0
BRF:4
BRH:1
end_of_record
TN:
SF:middleware\upload.js
FN:6,(anonymous_0)
FN:9,(anonymous_1)
FN:16,(anonymous_2)
FNF:3
FNH:0
FNDA:0,(anonymous_0)
FNDA:0,(anonymous_1)
FNDA:0,(anonymous_2)
DA:1,2
DA:2,2
DA:5,2
DA:7,0
DA:10,0
DA:11,0
DA:16,2
DA:17,0
DA:18,0
DA:19,0
DA:21,0
DA:25,2
DA:27,2
LF:13
LH:6
BRDA:18,0,0,0
BRDA:18,0,1,0
BRF:2
BRH:0
end_of_record
TN:
SF:models\Tasks.js
FNF:0
FNH:0
DA:1,2
DA:3,2
DA:20,2
LF:3
LH:3
BRF:0
BRH:0
end_of_record
TN:
SF:models\Users.js
FNF:0
FNH:0
DA:1,2
DA:2,2
DA:7,2
LF:3
LH:3
BRF:0
BRH:0
end_of_record
TN:
SF:routes\authRoutes.js
FN:7,(anonymous_0)
FN:48,(anonymous_1)
FNF:2
FNH:2
FNDA:3,(anonymous_0)
FNDA:3,(anonymous_1)
DA:1,2
DA:2,2
DA:3,2
DA:4,2
DA:5,2
DA:7,2
DA:8,3
DA:9,3
DA:11,3
DA:12,0
DA:15,3
DA:16,3
DA:17,0
DA:20,3
DA:21,3
DA:22,3
DA:25,3
DA:28,3
DA:40,0
DA:41,0
DA:48,2
DA:49,3
DA:51,3
DA:52,0
DA:55,3
DA:56,3
DA:58,3
DA:59,0
DA:62,3
DA:64,3
DA:76,0
DA:77,0
DA:82,2
LF:33
LH:25
BRDA:11,0,0,0
BRDA:11,0,1,3
BRDA:11,1,0,3
BRDA:11,1,1,3
BRDA:11,1,2,3
BRDA:16,2,0,0
BRDA:16,2,1,3
BRDA:34,3,0,3
BRDA:34,3,1,3
BRDA:51,4,0,0
BRDA:51,4,1,3
BRDA:51,5,0,3
BRDA:51,5,1,3
BRDA:58,6,0,0
BRDA:58,6,1,3
BRDA:58,7,0,3
BRDA:58,7,1,3
BRDA:70,8,0,3
BRDA:70,8,1,3
BRF:19
BRH:15
end_of_record
TN:
SF:routes\taskRoutes.js
FN:9,(anonymous_0)
FN:16,(anonymous_1)
FN:25,(anonymous_2)
FN:34,(anonymous_3)
FN:43,(anonymous_4)
FN:52,(anonymous_5)
FN:57,(anonymous_6)
FN:61,(anonymous_7)
FN:61,(anonymous_8)
FN:63,(anonymous_9)
FN:63,(anonymous_10)
FN:90,(anonymous_11)
FN:114,(anonymous_12)
FN:120,(anonymous_13)
FN:120,(anonymous_14)
FN:122,(anonymous_15)
FN:122,(anonymous_16)
FN:157,(anonymous_17)
FN:177,(anonymous_18)
FN:187,(anonymous_19)
FN:215,(anonymous_20)
FNF:21
FNH:17
FNDA:15,(anonymous_0)
FNDA:15,(anonymous_1)
FNDA:2,(anonymous_2)
FNDA:2,(anonymous_3)
FNDA:2,(anonymous_4)
FNDA:2,(anonymous_5)
FNDA:0,(anonymous_6)
FNDA:2,(anonymous_7)
FNDA:2,(anonymous_8)
FNDA:2,(anonymous_9)
FNDA:2,(anonymous_10)
FNDA:2,(anonymous_11)
FNDA:0,(anonymous_12)
FNDA:4,(anonymous_13)
FNDA:4,(anonymous_14)
FNDA:0,(anonymous_15)
FNDA:0,(anonymous_16)
FNDA:2,(anonymous_17)
FNDA:1,(anonymous_18)
FNDA:1,(anonymous_19)
FNDA:1,(anonymous_20)
DA:1,2
DA:2,2
DA:3,2
DA:4,2
DA:5,2
DA:6,2
DA:7,2
DA:9,2
DA:10,15
DA:11,15
DA:12,0
DA:15,15
DA:16,15
DA:17,15
DA:18,15
DA:19,15
DA:23,2
DA:25,2
DA:26,2
DA:27,2
DA:28,2
DA:30,0
DA:34,2
DA:35,2
DA:36,2
DA:37,2
DA:39,0
DA:43,2
DA:44,2
DA:45,2
DA:46,2
DA:48,0
DA:52,2
DA:53,2
DA:56,2
DA:57,2
DA:59,2
DA:60,2
DA:61,2
DA:62,1
DA:63,2
DA:66,2
DA:79,2
DA:80,2
DA:82,0
DA:83,0
DA:90,2
DA:91,2
DA:92,2
DA:94,2
DA:95,2
DA:96,2
DA:98,2
DA:99,0
DA:111,2
DA:114,2
DA:115,2
DA:118,2
DA:119,2
DA:120,4
DA:121,0
DA:122,0
DA:126,2
DA:138,2
DA:139,0
DA:143,2
DA:148,2
DA:151,0
DA:152,0
DA:157,2
DA:158,2
DA:160,2
DA:161,2
DA:162,2
DA:163,0
DA:165,2
DA:166,0
DA:168,2
DA:169,2
DA:171,0
DA:177,2
DA:178,1
DA:179,1
DA:180,1
DA:181,1
DA:183,0
DA:187,2
DA:188,1
DA:189,1
DA:191,1
DA:192,0
DA:194,1
DA:195,1
DA:196,1
DA:197,0
DA:199,1
DA:200,1
DA:201,0
DA:203,1
DA:204,0
DA:206,1
DA:207,1
DA:209,1
DA:211,0
DA:215,2
DA:216,1
DA:217,1
DA:218,1
DA:220,0
DA:227,2
LF:110
LH:88
BRDA:11,0,0,0
BRDA:11,0,1,15
BRDA:17,1,0,0
BRDA:17,1,1,15
BRDA:57,2,0,2
BRDA:57,2,1,2
BRDA:60,3,0,1
BRDA:60,3,1,1
BRDA:62,4,0,1
BRDA:62,4,1,0
BRDA:73,5,0,2
BRDA:73,5,1,2
BRDA:96,6,0,0
BRDA:96,6,1,2
BRDA:98,7,0,0
BRDA:98,7,1,2
BRDA:114,8,0,2
BRDA:114,8,1,2
BRDA:119,9,0,2
BRDA:119,9,1,0
BRDA:121,10,0,0
BRDA:121,10,1,0
BRDA:132,11,0,2
BRDA:132,11,1,0
BRDA:138,12,0,0
BRDA:138,12,1,2
BRDA:139,13,0,0
BRDA:139,13,1,0
BRDA:162,14,0,0
BRDA:162,14,1,2
BRDA:165,15,0,0
BRDA:165,15,1,2
BRDA:191,16,0,0
BRDA:191,16,1,1
BRDA:196,17,0,0
BRDA:196,17,1,1
BRDA:200,18,0,0
BRDA:200,18,1,1
BRDA:203,19,0,0
BRDA:203,19,1,1
BRF:40
BRH:22
end_of_record
